{"synthetic": false,
 "schemaVersion": "2025-09-10",
 "outputs":
 {"o": ["6e3d2ecc1e4619ea.olean"],
  "i": "e59aa5a16edc5306.ilean",
  "c": "7d1da53ac0d124cd.c"},
 "log":
 [{"message":
   ".> LEAN_PATH=C:\\Users\\kayue\\Desktop\\Lean_Project\\.lake\\packages\\Cli\\.lake\\build\\lib\\lean;C:\\Users\\kayue\\Desktop\\Lean_Project\\.lake\\packages\\batteries\\.lake\\build\\lib\\lean;C:\\Users\\kayue\\Desktop\\Lean_Project\\.lake\\packages\\Qq\\.lake\\build\\lib\\lean;C:\\Users\\kayue\\Desktop\\Lean_Project\\.lake\\packages\\aesop\\.lake\\build\\lib\\lean;C:\\Users\\kayue\\Desktop\\Lean_Project\\.lake\\packages\\proofwidgets\\.lake\\build\\lib\\lean;C:\\Users\\kayue\\Desktop\\Lean_Project\\.lake\\packages\\importGraph\\.lake\\build\\lib\\lean;C:\\Users\\kayue\\Desktop\\Lean_Project\\.lake\\packages\\LeanSearchClient\\.lake\\build\\lib\\lean;C:\\Users\\kayue\\Desktop\\Lean_Project\\.lake\\packages\\plausible\\.lake\\build\\lib\\lean;C:\\Users\\kayue\\Desktop\\Lean_Project\\.lake\\packages\\mathlib\\.lake\\build\\lib\\lean;C:\\Users\\kayue\\Desktop\\Lean_Project\\.lake\\build\\lib\\lean c:\\Users\\kayue\\.elan\\toolchains\\leanprover--lean4---v4.26.0-rc2\\bin\\lean.exe C:\\Users\\kayue\\Desktop\\Lean_Project\\LeanProject\\Basic.lean -o C:\\Users\\kayue\\Desktop\\Lean_Project\\.lake\\build\\lib\\lean\\LeanProject\\Basic.olean -i C:\\Users\\kayue\\Desktop\\Lean_Project\\.lake\\build\\lib\\lean\\LeanProject\\Basic.ilean -c C:\\Users\\kayue\\Desktop\\Lean_Project\\.lake\\build\\ir\\LeanProject\\Basic.c --setup C:\\Users\\kayue\\Desktop\\Lean_Project\\.lake\\build\\ir\\LeanProject\\Basic.setup.json --json",
   "level": "trace"}],
 "inputs":
 [["LeanProject.Basic:deps",
   [["deps",
     [["Lean_Project/LeanProject:extraDep",
       [["@Lean_Project:extraDep", "00000000000006bb"]]],
      ["imports", "00000000000006bb"]]],
    ["libs",
     [["import dynlibs", "00000000000006bb"],
      ["package external libraries", "00000000000006bb"],
      ["module dynlibs", "00000000000006bb"],
      ["module plugins", "00000000000006bb"]]]]],
  ["Lean 4.26.0, commit 9d4ad1273f6cea397c3066c2c83062a4410d16bf",
   "c1ab21c0a088cff7"],
  ["C:\\Users\\kayue\\Desktop\\Lean_Project\\LeanProject\\Basic.lean",
   "fb8d37be36883ee0"],
  ["options",
   [["-DmaxSynthPendingDepth=3", "c78e353d34de85d4"],
    ["-Dweak.linter.mathlibStandardSet=true", "8a155799906f2b42"],
    ["-DrelaxedAutoImplicit=false", "74a2b5546b55be80"],
    ["-Dpp.unicode.fun=true", "9b94070140457fab"]]],
  ["Module.leanArgs: #[]", "00000000000006bb"]],
 "depHash": "9da594b4243a84c8"}