{"synthetic": false,
 "schemaVersion": "2025-09-10",
 "outputs":
 {"o": ["f851121865d77fc5.olean"],
  "i": "1aea687f01017dd0.ilean",
  "c": "3f0826f79bcf3690.c"},
 "log":
 [{"message":
   ".> LEAN_PATH=C:\\Users\\kayue\\Desktop\\Lean_Project\\.lake\\packages\\Cli\\.lake\\build\\lib\\lean;C:\\Users\\kayue\\Desktop\\Lean_Project\\.lake\\packages\\batteries\\.lake\\build\\lib\\lean;C:\\Users\\kayue\\Desktop\\Lean_Project\\.lake\\packages\\Qq\\.lake\\build\\lib\\lean;C:\\Users\\kayue\\Desktop\\Lean_Project\\.lake\\packages\\aesop\\.lake\\build\\lib\\lean;C:\\Users\\kayue\\Desktop\\Lean_Project\\.lake\\packages\\proofwidgets\\.lake\\build\\lib\\lean;C:\\Users\\kayue\\Desktop\\Lean_Project\\.lake\\packages\\importGraph\\.lake\\build\\lib\\lean;C:\\Users\\kayue\\Desktop\\Lean_Project\\.lake\\packages\\LeanSearchClient\\.lake\\build\\lib\\lean;C:\\Users\\kayue\\Desktop\\Lean_Project\\.lake\\packages\\plausible\\.lake\\build\\lib\\lean;C:\\Users\\kayue\\Desktop\\Lean_Project\\.lake\\packages\\mathlib\\.lake\\build\\lib\\lean;C:\\Users\\kayue\\Desktop\\Lean_Project\\.lake\\build\\lib\\lean c:\\Users\\kayue\\.elan\\toolchains\\leanprover--lean4---v4.26.0-rc2\\bin\\lean.exe C:\\Users\\kayue\\Desktop\\Lean_Project\\LeanProject.lean -o C:\\Users\\kayue\\Desktop\\Lean_Project\\.lake\\build\\lib\\lean\\LeanProject.olean -i C:\\Users\\kayue\\Desktop\\Lean_Project\\.lake\\build\\lib\\lean\\LeanProject.ilean -c C:\\Users\\kayue\\Desktop\\Lean_Project\\.lake\\build\\ir\\LeanProject.c --setup C:\\Users\\kayue\\Desktop\\Lean_Project\\.lake\\build\\ir\\LeanProject.setup.json --json",
   "level": "trace"}],
 "inputs":
 [["LeanProject:deps",
   [["deps",
     [["Lean_Project/LeanProject:extraDep",
       [["@Lean_Project:extraDep", "00000000000006bb"]]],
      ["imports",
       [["LeanProject.Basic transitive imports (legacy)", "00000000000006bb"],
        ["LeanProject.Basic:importAllArts", "4f510a201d0ef694"]]]]],
    ["libs",
     [["import dynlibs", "00000000000006bb"],
      ["package external libraries", "00000000000006bb"],
      ["module dynlibs", "00000000000006bb"],
      ["module plugins", "00000000000006bb"]]]]],
  ["Lean 4.26.0, commit 9d4ad1273f6cea397c3066c2c83062a4410d16bf",
   "c1ab21c0a088cff7"],
  ["C:\\Users\\kayue\\Desktop\\Lean_Project\\LeanProject.lean",
   "6c05a99df9815980"],
  ["options",
   [["-DmaxSynthPendingDepth=3", "c78e353d34de85d4"],
    ["-Dweak.linter.mathlibStandardSet=true", "8a155799906f2b42"],
    ["-DrelaxedAutoImplicit=false", "74a2b5546b55be80"],
    ["-Dpp.unicode.fun=true", "9b94070140457fab"]]],
  ["Module.leanArgs: #[]", "00000000000006bb"]],
 "depHash": "a68dbfab0188d9e7"}